# JRE version: OpenJDK Runtime Environment Temurin-17.0.12+7 (17.0.12+7) (build 17.0.12+7)
# Java VM: OpenJDK 64-Bit Server VM Temurin-17.0.12+7 (17.0.12+7, mixed mode, tiered, compressed oops, compressed class ptrs, parallel gc, windows-amd64)
GC Precious Log:
 CPUs: 16 total, 16 available
 Memory: 16088M
 Large Page Support: Disabled
 NUMA Support: Disabled
 Compressed Oops: Enabled (32-bit)
 Alignments: Space 512K, Generation 512K, Heap 2M
 Heap Min Capacity: 100M
 Heap Initial Capacity: 100M
 Heap Max Capacity: 1G
 Pre-touch: Disabled
 Parallel Workers: 13
Heap:
 PSYoungGen      total 17408K, used 3853K [0x00000000eab00000, 0x00000000ec100000, 0x0000000100000000)
  eden space 16896K, 21% used [0x00000000eab00000,0x00000000eae837f0,0x00000000ebb80000)
  from space 512K, 50% used [0x00000000ec080000,0x00000000ec0c0000,0x00000000ec100000)
  to   space 1024K, 0% used [0x00000000ebf00000,0x00000000ebf00000,0x00000000ec000000)
 ParOldGen       total 68608K, used 30975K [0x00000000c0000000, 0x00000000c4300000, 0x00000000eab00000)
  object space 68608K, 45% used [0x00000000c0000000,0x00000000c1e3fc50,0x00000000c4300000)
 Metaspace       used 42498K, committed 43328K, reserved 1114112K
  class space    used 4258K, committed 4608K, reserved 1048576K
GC Heap History (20 events):
Event: 2.569 GC heap before
{Heap before GC invocations=11 (full 2):
 PSYoungGen      total 26624K, used 3051K [0x00000000eab00000, 0x00000000ec900000, 0x0000000100000000)
  eden space 23552K, 0% used [0x00000000eab00000,0x00000000eab00000,0x00000000ec200000)
  from space 3072K, 99% used [0x00000000ec280000,0x00000000ec57ac50,0x00000000ec580000)
  to   space 3584K, 0% used [0x00000000ec580000,0x00000000ec580000,0x00000000ec900000)
 ParOldGen       total 68608K, used 10113K [0x00000000c0000000, 0x00000000c4300000, 0x00000000eab00000)
  object space 68608K, 14% used [0x00000000c0000000,0x00000000c09e0470,0x00000000c4300000)
 Metaspace       used 35220K, committed 35840K, reserved 1114112K
  class space    used 3520K, committed 3776K, reserved 1048576K
}
Event: 2.586 GC heap after
{Heap after GC invocations=11 (full 2):
 PSYoungGen      total 26624K, used 0K [0x00000000eab00000, 0x00000000ec900000, 0x0000000100000000)
  eden space 23552K, 0% used [0x00000000eab00000,0x00000000eab00000,0x00000000ec200000)
  from space 3072K, 0% used [0x00000000ec280000,0x00000000ec280000,0x00000000ec580000)
  to   space 3584K, 0% used [0x00000000ec580000,0x00000000ec580000,0x00000000ec900000)
 ParOldGen       total 68608K, used 12759K [0x00000000c0000000, 0x00000000c4300000, 0x00000000eab00000)
  object space 68608K, 18% used [0x00000000c0000000,0x00000000c0c75e10,0x00000000c4300000)
 Metaspace       used 35220K, committed 35840K, reserved 1114112K
  class space    used 3520K, committed 3776K, reserved 1048576K
}
Event: 3.378 GC heap before
{Heap before GC invocations=12 (full 2):
 PSYoungGen      total 26624K, used 23552K [0x00000000eab00000, 0x00000000ec900000, 0x0000000100000000)
  eden space 23552K, 100% used [0x00000000eab00000,0x00000000ec200000,0x00000000ec200000)
  from space 3072K, 0% used [0x00000000ec280000,0x00000000ec280000,0x00000000ec580000)
  to   space 3584K, 0% used [0x00000000ec580000,0x00000000ec580000,0x00000000ec900000)
 ParOldGen       total 68608K, used 12759K [0x00000000c0000000, 0x00000000c4300000, 0x00000000eab00000)
  object space 68608K, 18% used [0x00000000c0000000,0x00000000c0c75e10,0x00000000c4300000)
 Metaspace       used 38236K, committed 38976K, reserved 1114112K
  class space    used 3852K, committed 4160K, reserved 1048576K
}
Event: 3.380 GC heap after
{Heap after GC invocations=12 (full 2):
 PSYoungGen      total 25088K, used 1920K [0x00000000eab00000, 0x00000000ec780000, 0x0000000100000000)
  eden space 23040K, 0% used [0x00000000eab00000,0x00000000eab00000,0x00000000ec180000)
  from space 2048K, 93% used [0x00000000ec580000,0x00000000ec760030,0x00000000ec780000)
  to   space 2560K, 0% used [0x00000000ec280000,0x00000000ec280000,0x00000000ec500000)
 ParOldGen       total 68608K, used 12767K [0x00000000c0000000, 0x00000000c4300000, 0x00000000eab00000)
  object space 68608K, 18% used [0x00000000c0000000,0x00000000c0c77e10,0x00000000c4300000)
 Metaspace       used 38236K, committed 38976K, reserved 1114112K
  class space    used 3852K, committed 4160K, reserved 1048576K
}
Event: 3.472 GC heap before
{Heap before GC invocations=13 (full 2):
 PSYoungGen      total 25088K, used 24960K [0x00000000eab00000, 0x00000000ec780000, 0x0000000100000000)
  eden space 23040K, 100% used [0x00000000eab00000,0x00000000ec180000,0x00000000ec180000)
  from space 2048K, 93% used [0x00000000ec580000,0x00000000ec760030,0x00000000ec780000)
  to   space 2560K, 0% used [0x00000000ec280000,0x00000000ec280000,0x00000000ec500000)
 ParOldGen       total 68608K, used 12767K [0x00000000c0000000, 0x00000000c4300000, 0x00000000eab00000)
  object space 68608K, 18% used [0x00000000c0000000,0x00000000c0c77e10,0x00000000c4300000)
 Metaspace       used 38329K, committed 39040K, reserved 1114112K
  class space    used 3856K, committed 4160K, reserved 1048576K
}
Event: 3.475 GC heap after
{Heap after GC invocations=13 (full 2):
 PSYoungGen      total 25088K, used 2513K [0x00000000eab00000, 0x00000000ec700000, 0x0000000100000000)
  eden space 22528K, 0% used [0x00000000eab00000,0x00000000eab00000,0x00000000ec100000)
  from space 2560K, 98% used [0x00000000ec280000,0x00000000ec4f4410,0x00000000ec500000)
  to   space 2048K, 0% used [0x00000000ec500000,0x00000000ec500000,0x00000000ec700000)
 ParOldGen       total 68608K, used 14499K [0x00000000c0000000, 0x00000000c4300000, 0x00000000eab00000)
  object space 68608K, 21% used [0x00000000c0000000,0x00000000c0e28c58,0x00000000c4300000)
 Metaspace       used 38329K, committed 39040K, reserved 1114112K
  class space    used 3856K, committed 4160K, reserved 1048576K
}
Event: 3.657 GC heap before
{Heap before GC invocations=14 (full 2):
 PSYoungGen      total 25088K, used 25041K [0x00000000eab00000, 0x00000000ec700000, 0x0000000100000000)
  eden space 22528K, 100% used [0x00000000eab00000,0x00000000ec100000,0x00000000ec100000)
  from space 2560K, 98% used [0x00000000ec280000,0x00000000ec4f4410,0x00000000ec500000)
  to   space 2048K, 0% used [0x00000000ec500000,0x00000000ec500000,0x00000000ec700000)
 ParOldGen       total 68608K, used 14499K [0x00000000c0000000, 0x00000000c4300000, 0x00000000eab00000)
  object space 68608K, 21% used [0x00000000c0000000,0x00000000c0e28c58,0x00000000c4300000)
 Metaspace       used 38416K, committed 39104K, reserved 1114112K
  class space    used 3867K, committed 4160K, reserved 1048576K
}
Event: 3.661 GC heap after
{Heap after GC invocations=14 (full 2):
 PSYoungGen      total 23552K, used 2018K [0x00000000eab00000, 0x00000000eca80000, 0x0000000100000000)
  eden space 21504K, 0% used [0x00000000eab00000,0x00000000eab00000,0x00000000ec000000)
  from space 2048K, 98% used [0x00000000ec500000,0x00000000ec6f8810,0x00000000ec700000)
  to   space 5120K, 0% used [0x00000000ec000000,0x00000000ec000000,0x00000000ec500000)
 ParOldGen       total 68608K, used 17051K [0x00000000c0000000, 0x00000000c4300000, 0x00000000eab00000)
  object space 68608K, 24% used [0x00000000c0000000,0x00000000c10a6c58,0x00000000c4300000)
 Metaspace       used 38416K, committed 39104K, reserved 1114112K
  class space    used 3867K, committed 4160K, reserved 1048576K
}
Event: 3.734 GC heap before
{Heap before GC invocations=15 (full 2):
 PSYoungGen      total 23552K, used 23522K [0x00000000eab00000, 0x00000000eca80000, 0x0000000100000000)
  eden space 21504K, 100% used [0x00000000eab00000,0x00000000ec000000,0x00000000ec000000)
  from space 2048K, 98% used [0x00000000ec500000,0x00000000ec6f8810,0x00000000ec700000)
  to   space 5120K, 0% used [0x00000000ec000000,0x00000000ec000000,0x00000000ec500000)
 ParOldGen       total 68608K, used 17051K [0x00000000c0000000, 0x00000000c4300000, 0x00000000eab00000)
  object space 68608K, 24% used [0x00000000c0000000,0x00000000c10a6c58,0x00000000c4300000)
 Metaspace       used 38418K, committed 39104K, reserved 1114112K
  class space    used 3867K, committed 4160K, reserved 1048576K
}
Event: 3.738 GC heap after
{Heap after GC invocations=15 (full 2):
 PSYoungGen      total 24064K, used 2336K [0x00000000eab00000, 0x00000000ec700000, 0x0000000100000000)
  eden space 21504K, 0% used [0x00000000eab00000,0x00000000eab00000,0x00000000ec000000)
  from space 2560K, 91% used [0x00000000ec000000,0x00000000ec248000,0x00000000ec280000)
  to   space 3584K, 0% used [0x00000000ec380000,0x00000000ec380000,0x00000000ec700000)
 ParOldGen       total 68608K, used 19112K [0x00000000c0000000, 0x00000000c4300000, 0x00000000eab00000)
  object space 68608K, 27% used [0x00000000c0000000,0x00000000c12aa368,0x00000000c4300000)
 Metaspace       used 38418K, committed 39104K, reserved 1114112K
  class space    used 3867K, committed 4160K, reserved 1048576K
}
Event: 3.798 GC heap before
{Heap before GC invocations=16 (full 2):
 PSYoungGen      total 24064K, used 23840K [0x00000000eab00000, 0x00000000ec700000, 0x0000000100000000)
  eden space 21504K, 100% used [0x00000000eab00000,0x00000000ec000000,0x00000000ec000000)
  from space 2560K, 91% used [0x00000000ec000000,0x00000000ec248000,0x00000000ec280000)
  to   space 3584K, 0% used [0x00000000ec380000,0x00000000ec380000,0x00000000ec700000)
 ParOldGen       total 68608K, used 19112K [0x00000000c0000000, 0x00000000c4300000, 0x00000000eab00000)
  object space 68608K, 27% used [0x00000000c0000000,0x00000000c12aa368,0x00000000c4300000)
 Metaspace       used 38418K, committed 39104K, reserved 1114112K
  class space    used 3867K, committed 4160K, reserved 1048576K
}
Event: 3.802 GC heap after
{Heap after GC invocations=16 (full 2):
 PSYoungGen      total 25088K, used 3044K [0x00000000eab00000, 0x00000000ec700000, 0x0000000100000000)
  eden space 21504K, 0% used [0x00000000eab00000,0x00000000eab00000,0x00000000ec000000)
  from space 3584K, 84% used [0x00000000ec380000,0x00000000ec679010,0x00000000ec700000)
  to   space 3584K, 0% used [0x00000000ec000000,0x00000000ec000000,0x00000000ec380000)
 ParOldGen       total 68608K, used 21229K [0x00000000c0000000, 0x00000000c4300000, 0x00000000eab00000)
  object space 68608K, 30% used [0x00000000c0000000,0x00000000c14bb468,0x00000000c4300000)
 Metaspace       used 38418K, committed 39104K, reserved 1114112K
  class space    used 3867K, committed 4160K, reserved 1048576K
}
Event: 3.871 GC heap before
{Heap before GC invocations=17 (full 2):
 PSYoungGen      total 25088K, used 24548K [0x00000000eab00000, 0x00000000ec700000, 0x0000000100000000)
  eden space 21504K, 100% used [0x00000000eab00000,0x00000000ec000000,0x00000000ec000000)
  from space 3584K, 84% used [0x00000000ec380000,0x00000000ec679010,0x00000000ec700000)
  to   space 3584K, 0% used [0x00000000ec000000,0x00000000ec000000,0x00000000ec380000)
 ParOldGen       total 68608K, used 21229K [0x00000000c0000000, 0x00000000c4300000, 0x00000000eab00000)
  object space 68608K, 30% used [0x00000000c0000000,0x00000000c14bb468,0x00000000c4300000)
 Metaspace       used 38425K, committed 39168K, reserved 1114112K
  class space    used 3867K, committed 4160K, reserved 1048576K
}
Event: 3.876 GC heap after
{Heap after GC invocations=17 (full 2):
 PSYoungGen      total 24064K, used 2424K [0x00000000eab00000, 0x00000000ec600000, 0x0000000100000000)
  eden space 21504K, 0% used [0x00000000eab00000,0x00000000eab00000,0x00000000ec000000)
  from space 2560K, 94% used [0x00000000ec000000,0x00000000ec25e200,0x00000000ec280000)
  to   space 3072K, 0% used [0x00000000ec300000,0x00000000ec300000,0x00000000ec600000)
 ParOldGen       total 68608K, used 24025K [0x00000000c0000000, 0x00000000c4300000, 0x00000000eab00000)
  object space 68608K, 35% used [0x00000000c0000000,0x00000000c1776478,0x00000000c4300000)
 Metaspace       used 38425K, committed 39168K, reserved 1114112K
  class space    used 3867K, committed 4160K, reserved 1048576K
}
Event: 4.232 GC heap before
{Heap before GC invocations=18 (full 2):
 PSYoungGen      total 24064K, used 23928K [0x00000000eab00000, 0x00000000ec600000, 0x0000000100000000)
  eden space 21504K, 100% used [0x00000000eab00000,0x00000000ec000000,0x00000000ec000000)
  from space 2560K, 94% used [0x00000000ec000000,0x00000000ec25e200,0x00000000ec280000)
  to   space 3072K, 0% used [0x00000000ec300000,0x00000000ec300000,0x00000000ec600000)
 ParOldGen       total 68608K, used 24025K [0x00000000c0000000, 0x00000000c4300000, 0x00000000eab00000)
  object space 68608K, 35% used [0x00000000c0000000,0x00000000c1776478,0x00000000c4300000)
 Metaspace       used 40868K, committed 41600K, reserved 1114112K
  class space    used 4123K, committed 4416K, reserved 1048576K
}
Event: 4.236 GC heap after
{Heap after GC invocations=18 (full 2):
 PSYoungGen      total 19968K, used 3068K [0x00000000eab00000, 0x00000000ecf00000, 0x0000000100000000)
  eden space 16896K, 0% used [0x00000000eab00000,0x00000000eab00000,0x00000000ebb80000)
  from space 3072K, 99% used [0x00000000ec300000,0x00000000ec5ff058,0x00000000ec600000)
  to   space 7680K, 0% used [0x00000000ebb80000,0x00000000ebb80000,0x00000000ec300000)
 ParOldGen       total 68608K, used 27798K [0x00000000c0000000, 0x00000000c4300000, 0x00000000eab00000)
  object space 68608K, 40% used [0x00000000c0000000,0x00000000c1b25a10,0x00000000c4300000)
 Metaspace       used 40868K, committed 41600K, reserved 1114112K
  class space    used 4123K, committed 4416K, reserved 1048576K
}
Event: 4.315 GC heap before
{Heap before GC invocations=19 (full 2):
 PSYoungGen      total 19968K, used 19964K [0x00000000eab00000, 0x00000000ecf00000, 0x0000000100000000)
  eden space 16896K, 100% used [0x00000000eab00000,0x00000000ebb80000,0x00000000ebb80000)
  from space 3072K, 99% used [0x00000000ec300000,0x00000000ec5ff058,0x00000000ec600000)
  to   space 7680K, 0% used [0x00000000ebb80000,0x00000000ebb80000,0x00000000ec300000)
 ParOldGen       total 68608K, used 27798K [0x00000000c0000000, 0x00000000c4300000, 0x00000000eab00000)
  object space 68608K, 40% used [0x00000000c0000000,0x00000000c1b25a10,0x00000000c4300000)
 Metaspace       used 40893K, committed 41664K, reserved 1114112K
  class space    used 4123K, committed 4416K, reserved 1048576K
}
Event: 4.318 GC heap after
{Heap after GC invocations=19 (full 2):
 PSYoungGen      total 17920K, used 758K [0x00000000eab00000, 0x00000000ec380000, 0x0000000100000000)
  eden space 16896K, 0% used [0x00000000eab00000,0x00000000eab00000,0x00000000ebb80000)
  from space 1024K, 74% used [0x00000000ebb80000,0x00000000ebc3daf8,0x00000000ebc80000)
  to   space 3072K, 0% used [0x00000000ec080000,0x00000000ec080000,0x00000000ec380000)
 ParOldGen       total 68608K, used 30911K [0x00000000c0000000, 0x00000000c4300000, 0x00000000eab00000)
  object space 68608K, 45% used [0x00000000c0000000,0x00000000c1e2fc50,0x00000000c4300000)
 Metaspace       used 40893K, committed 41664K, reserved 1114112K
  class space    used 4123K, committed 4416K, reserved 1048576K
}
Event: 4.473 GC heap before
{Heap before GC invocations=20 (full 2):
 PSYoungGen      total 17920K, used 17654K [0x00000000eab00000, 0x00000000ec380000, 0x0000000100000000)
  eden space 16896K, 100% used [0x00000000eab00000,0x00000000ebb80000,0x00000000ebb80000)
  from space 1024K, 74% used [0x00000000ebb80000,0x00000000ebc3daf8,0x00000000ebc80000)
  to   space 3072K, 0% used [0x00000000ec080000,0x00000000ec080000,0x00000000ec380000)
 ParOldGen       total 68608K, used 30911K [0x00000000c0000000, 0x00000000c4300000, 0x00000000eab00000)
  object space 68608K, 45% used [0x00000000c0000000,0x00000000c1e2fc50,0x00000000c4300000)
 Metaspace       used 41521K, committed 42304K, reserved 1114112K
  class space    used 4184K, committed 4480K, reserved 1048576K
}
Event: 4.474 GC heap after
{Heap after GC invocations=20 (full 2):
 PSYoungGen      total 17408K, used 256K [0x00000000eab00000, 0x00000000ec100000, 0x0000000100000000)
  eden space 16896K, 0% used [0x00000000eab00000,0x00000000eab00000,0x00000000ebb80000)
  from space 512K, 50% used [0x00000000ec080000,0x00000000ec0c0000,0x00000000ec100000)
  to   space 1024K, 0% used [0x00000000ebf00000,0x00000000ebf00000,0x00000000ec000000)
 ParOldGen       total 68608K, used 30975K [0x00000000c0000000, 0x00000000c4300000, 0x00000000eab00000)
  object space 68608K, 45% used [0x00000000c0000000,0x00000000c1e3fc50,0x00000000c4300000)
 Metaspace       used 41521K, committed 42304K, reserved 1114112K
  class space    used 4184K, committed 4480K, reserved 1048576K
}

