# JRE version: OpenJDK Runtime Environment Temurin-17.0.12+7 (17.0.12+7) (build 17.0.12+7)
# Java VM: OpenJDK 64-Bit Server VM Temurin-17.0.12+7 (17.0.12+7, mixed mode, tiered, compressed oops, compressed class ptrs, parallel gc, windows-amd64)
GC Precious Log:
 CPUs: 16 total, 16 available
 Memory: 16088M
 Large Page Support: Disabled
 NUMA Support: Disabled
 Compressed Oops: Enabled (32-bit)
 Alignments: Space 512K, Generation 512K, Heap 2M
 Heap Min Capacity: 100M
 Heap Initial Capacity: 100M
 Heap Max Capacity: 1G
 Pre-touch: Disabled
 Parallel Workers: 13
Heap:
 PSYoungGen      total 13824K, used 1070K [0x00000000eab00000, 0x00000000eba00000, 0x0000000100000000)
  eden space 13312K, 4% used [0x00000000eab00000,0x00000000eab8b880,0x00000000eb800000)
  from space 512K, 100% used [0x00000000eb880000,0x00000000eb900000,0x00000000eb900000)
  to   space 1024K, 0% used [0x00000000eb900000,0x00000000eb900000,0x00000000eba00000)
 ParOldGen       total 68608K, used 43728K [0x00000000c0000000, 0x00000000c4300000, 0x00000000eab00000)
  object space 68608K, 63% used [0x00000000c0000000,0x00000000c2ab4200,0x00000000c4300000)
 Metaspace       used 70191K, committed 71360K, reserved 1114112K
  class space    used 8601K, committed 9088K, reserved 1048576K
GC Heap History (20 events):
Event: 9.576 GC heap before
{Heap before GC invocations=51 (full 3):
 PSYoungGen      total 14848K, used 13568K [0x00000000eab00000, 0x00000000eba80000, 0x0000000100000000)
  eden space 13312K, 100% used [0x00000000eab00000,0x00000000eb800000,0x00000000eb800000)
  from space 1536K, 16% used [0x00000000eb800000,0x00000000eb840000,0x00000000eb980000)
  to   space 512K, 0% used [0x00000000eba00000,0x00000000eba00000,0x00000000eba80000)
 ParOldGen       total 68608K, used 40999K [0x00000000c0000000, 0x00000000c4300000, 0x00000000eab00000)
  object space 68608K, 59% used [0x00000000c0000000,0x00000000c2809c68,0x00000000c4300000)
 Metaspace       used 66642K, committed 67776K, reserved 1114112K
  class space    used 8151K, committed 8704K, reserved 1048576K
}
Event: 9.577 GC heap after
{Heap after GC invocations=51 (full 3):
 PSYoungGen      total 13824K, used 503K [0x00000000eab00000, 0x00000000ebb00000, 0x0000000100000000)
  eden space 13312K, 0% used [0x00000000eab00000,0x00000000eab00000,0x00000000eb800000)
  from space 512K, 98% used [0x00000000eba00000,0x00000000eba7dc80,0x00000000eba80000)
  to   space 1536K, 0% used [0x00000000eb800000,0x00000000eb800000,0x00000000eb980000)
 ParOldGen       total 68608K, used 41831K [0x00000000c0000000, 0x00000000c4300000, 0x00000000eab00000)
  object space 68608K, 60% used [0x00000000c0000000,0x00000000c28d9ca0,0x00000000c4300000)
 Metaspace       used 66642K, committed 67776K, reserved 1114112K
  class space    used 8151K, committed 8704K, reserved 1048576K
}
Event: 9.632 GC heap before
{Heap before GC invocations=52 (full 3):
 PSYoungGen      total 13824K, used 13815K [0x00000000eab00000, 0x00000000ebb00000, 0x0000000100000000)
  eden space 13312K, 100% used [0x00000000eab00000,0x00000000eb800000,0x00000000eb800000)
  from space 512K, 98% used [0x00000000eba00000,0x00000000eba7dc80,0x00000000eba80000)
  to   space 1536K, 0% used [0x00000000eb800000,0x00000000eb800000,0x00000000eb980000)
 ParOldGen       total 68608K, used 41831K [0x00000000c0000000, 0x00000000c4300000, 0x00000000eab00000)
  object space 68608K, 60% used [0x00000000c0000000,0x00000000c28d9ca0,0x00000000c4300000)
 Metaspace       used 66759K, committed 67968K, reserved 1114112K
  class space    used 8170K, committed 8704K, reserved 1048576K
}
Event: 9.632 GC heap after
{Heap after GC invocations=52 (full 3):
 PSYoungGen      total 14848K, used 384K [0x00000000eab00000, 0x00000000eba80000, 0x0000000100000000)
  eden space 13312K, 0% used [0x00000000eab00000,0x00000000eab00000,0x00000000eb800000)
  from space 1536K, 25% used [0x00000000eb800000,0x00000000eb860000,0x00000000eb980000)
  to   space 1024K, 0% used [0x00000000eb980000,0x00000000eb980000,0x00000000eba80000)
 ParOldGen       total 68608K, used 41887K [0x00000000c0000000, 0x00000000c4300000, 0x00000000eab00000)
  object space 68608K, 61% used [0x00000000c0000000,0x00000000c28e7ca0,0x00000000c4300000)
 Metaspace       used 66759K, committed 67968K, reserved 1114112K
  class space    used 8170K, committed 8704K, reserved 1048576K
}
Event: 10.212 GC heap before
{Heap before GC invocations=53 (full 3):
 PSYoungGen      total 14848K, used 13696K [0x00000000eab00000, 0x00000000eba80000, 0x0000000100000000)
  eden space 13312K, 100% used [0x00000000eab00000,0x00000000eb800000,0x00000000eb800000)
  from space 1536K, 25% used [0x00000000eb800000,0x00000000eb860000,0x00000000eb980000)
  to   space 1024K, 0% used [0x00000000eb980000,0x00000000eb980000,0x00000000eba80000)
 ParOldGen       total 68608K, used 41887K [0x00000000c0000000, 0x00000000c4300000, 0x00000000eab00000)
  object space 68608K, 61% used [0x00000000c0000000,0x00000000c28e7ca0,0x00000000c4300000)
 Metaspace       used 68488K, committed 69632K, reserved 1114112K
  class space    used 8408K, committed 8960K, reserved 1048576K
}
Event: 10.214 GC heap after
{Heap after GC invocations=53 (full 3):
 PSYoungGen      total 14336K, used 768K [0x00000000eab00000, 0x00000000eba80000, 0x0000000100000000)
  eden space 13312K, 0% used [0x00000000eab00000,0x00000000eab00000,0x00000000eb800000)
  from space 1024K, 75% used [0x00000000eb980000,0x00000000eba40000,0x00000000eba80000)
  to   space 1024K, 0% used [0x00000000eb880000,0x00000000eb880000,0x00000000eb980000)
 ParOldGen       total 68608K, used 42031K [0x00000000c0000000, 0x00000000c4300000, 0x00000000eab00000)
  object space 68608K, 61% used [0x00000000c0000000,0x00000000c290bca0,0x00000000c4300000)
 Metaspace       used 68488K, committed 69632K, reserved 1114112K
  class space    used 8408K, committed 8960K, reserved 1048576K
}
Event: 10.673 GC heap before
{Heap before GC invocations=54 (full 3):
 PSYoungGen      total 14336K, used 14080K [0x00000000eab00000, 0x00000000eba80000, 0x0000000100000000)
  eden space 13312K, 100% used [0x00000000eab00000,0x00000000eb800000,0x00000000eb800000)
  from space 1024K, 75% used [0x00000000eb980000,0x00000000eba40000,0x00000000eba80000)
  to   space 1024K, 0% used [0x00000000eb880000,0x00000000eb880000,0x00000000eb980000)
 ParOldGen       total 68608K, used 42031K [0x00000000c0000000, 0x00000000c4300000, 0x00000000eab00000)
  object space 68608K, 61% used [0x00000000c0000000,0x00000000c290bca0,0x00000000c4300000)
 Metaspace       used 68698K, committed 69824K, reserved 1114112K
  class space    used 8421K, committed 8960K, reserved 1048576K
}
Event: 10.674 GC heap after
{Heap after GC invocations=54 (full 3):
 PSYoungGen      total 13824K, used 416K [0x00000000eab00000, 0x00000000eba00000, 0x0000000100000000)
  eden space 13312K, 0% used [0x00000000eab00000,0x00000000eab00000,0x00000000eb800000)
  from space 512K, 81% used [0x00000000eb880000,0x00000000eb8e8000,0x00000000eb900000)
  to   space 1024K, 0% used [0x00000000eb900000,0x00000000eb900000,0x00000000eba00000)
 ParOldGen       total 68608K, used 42683K [0x00000000c0000000, 0x00000000c4300000, 0x00000000eab00000)
  object space 68608K, 62% used [0x00000000c0000000,0x00000000c29aecf0,0x00000000c4300000)
 Metaspace       used 68698K, committed 69824K, reserved 1114112K
  class space    used 8421K, committed 8960K, reserved 1048576K
}
Event: 10.779 GC heap before
{Heap before GC invocations=55 (full 3):
 PSYoungGen      total 13824K, used 13728K [0x00000000eab00000, 0x00000000eba00000, 0x0000000100000000)
  eden space 13312K, 100% used [0x00000000eab00000,0x00000000eb800000,0x00000000eb800000)
  from space 512K, 81% used [0x00000000eb880000,0x00000000eb8e8000,0x00000000eb900000)
  to   space 1024K, 0% used [0x00000000eb900000,0x00000000eb900000,0x00000000eba00000)
 ParOldGen       total 68608K, used 42683K [0x00000000c0000000, 0x00000000c4300000, 0x00000000eab00000)
  object space 68608K, 62% used [0x00000000c0000000,0x00000000c29aecf0,0x00000000c4300000)
 Metaspace       used 68761K, committed 69888K, reserved 1114112K
  class space    used 8432K, committed 8960K, reserved 1048576K
}
Event: 10.780 GC heap after
{Heap after GC invocations=55 (full 3):
 PSYoungGen      total 13824K, used 384K [0x00000000eab00000, 0x00000000eb980000, 0x0000000100000000)
  eden space 13312K, 0% used [0x00000000eab00000,0x00000000eab00000,0x00000000eb800000)
  from space 512K, 75% used [0x00000000eb900000,0x00000000eb960010,0x00000000eb980000)
  to   space 512K, 0% used [0x00000000eb880000,0x00000000eb880000,0x00000000eb900000)
 ParOldGen       total 68608K, used 42811K [0x00000000c0000000, 0x00000000c4300000, 0x00000000eab00000)
  object space 68608K, 62% used [0x00000000c0000000,0x00000000c29cecf0,0x00000000c4300000)
 Metaspace       used 68761K, committed 69888K, reserved 1114112K
  class space    used 8432K, committed 8960K, reserved 1048576K
}
Event: 15.247 GC heap before
{Heap before GC invocations=56 (full 3):
 PSYoungGen      total 13824K, used 13696K [0x00000000eab00000, 0x00000000eb980000, 0x0000000100000000)
  eden space 13312K, 100% used [0x00000000eab00000,0x00000000eb800000,0x00000000eb800000)
  from space 512K, 75% used [0x00000000eb900000,0x00000000eb960010,0x00000000eb980000)
  to   space 512K, 0% used [0x00000000eb880000,0x00000000eb880000,0x00000000eb900000)
 ParOldGen       total 68608K, used 42811K [0x00000000c0000000, 0x00000000c4300000, 0x00000000eab00000)
  object space 68608K, 62% used [0x00000000c0000000,0x00000000c29cecf0,0x00000000c4300000)
 Metaspace       used 69115K, committed 70272K, reserved 1114112K
  class space    used 8489K, committed 9024K, reserved 1048576K
}
Event: 15.248 GC heap after
{Heap after GC invocations=56 (full 3):
 PSYoungGen      total 13824K, used 505K [0x00000000eab00000, 0x00000000eba00000, 0x0000000100000000)
  eden space 13312K, 0% used [0x00000000eab00000,0x00000000eab00000,0x00000000eb800000)
  from space 512K, 98% used [0x00000000eb880000,0x00000000eb8fe4b0,0x00000000eb900000)
  to   space 1024K, 0% used [0x00000000eb900000,0x00000000eb900000,0x00000000eba00000)
 ParOldGen       total 68608K, used 43011K [0x00000000c0000000, 0x00000000c4300000, 0x00000000eab00000)
  object space 68608K, 62% used [0x00000000c0000000,0x00000000c2a00d00,0x00000000c4300000)
 Metaspace       used 69115K, committed 70272K, reserved 1114112K
  class space    used 8489K, committed 9024K, reserved 1048576K
}
Event: 16.063 GC heap before
{Heap before GC invocations=57 (full 3):
 PSYoungGen      total 13824K, used 13817K [0x00000000eab00000, 0x00000000eba00000, 0x0000000100000000)
  eden space 13312K, 100% used [0x00000000eab00000,0x00000000eb800000,0x00000000eb800000)
  from space 512K, 98% used [0x00000000eb880000,0x00000000eb8fe4b0,0x00000000eb900000)
  to   space 1024K, 0% used [0x00000000eb900000,0x00000000eb900000,0x00000000eba00000)
 ParOldGen       total 68608K, used 43011K [0x00000000c0000000, 0x00000000c4300000, 0x00000000eab00000)
  object space 68608K, 62% used [0x00000000c0000000,0x00000000c2a00d00,0x00000000c4300000)
 Metaspace       used 69153K, committed 70336K, reserved 1114112K
  class space    used 8489K, committed 9024K, reserved 1048576K
}
Event: 16.065 GC heap after
{Heap after GC invocations=57 (full 3):
 PSYoungGen      total 13824K, used 192K [0x00000000eab00000, 0x00000000eb980000, 0x0000000100000000)
  eden space 13312K, 0% used [0x00000000eab00000,0x00000000eab00000,0x00000000eb800000)
  from space 512K, 37% used [0x00000000eb900000,0x00000000eb930000,0x00000000eb980000)
  to   space 512K, 0% used [0x00000000eb880000,0x00000000eb880000,0x00000000eb900000)
 ParOldGen       total 68608K, used 43456K [0x00000000c0000000, 0x00000000c4300000, 0x00000000eab00000)
  object space 68608K, 63% used [0x00000000c0000000,0x00000000c2a70200,0x00000000c4300000)
 Metaspace       used 69153K, committed 70336K, reserved 1114112K
  class space    used 8489K, committed 9024K, reserved 1048576K
}
Event: 21.405 GC heap before
{Heap before GC invocations=58 (full 3):
 PSYoungGen      total 13824K, used 13504K [0x00000000eab00000, 0x00000000eb980000, 0x0000000100000000)
  eden space 13312K, 100% used [0x00000000eab00000,0x00000000eb800000,0x00000000eb800000)
  from space 512K, 37% used [0x00000000eb900000,0x00000000eb930000,0x00000000eb980000)
  to   space 512K, 0% used [0x00000000eb880000,0x00000000eb880000,0x00000000eb900000)
 ParOldGen       total 68608K, used 43456K [0x00000000c0000000, 0x00000000c4300000, 0x00000000eab00000)
  object space 68608K, 63% used [0x00000000c0000000,0x00000000c2a70200,0x00000000c4300000)
 Metaspace       used 69234K, committed 70336K, reserved 1114112K
  class space    used 8502K, committed 9024K, reserved 1048576K
}
Event: 21.406 GC heap after
{Heap after GC invocations=58 (full 3):
 PSYoungGen      total 13824K, used 416K [0x00000000eab00000, 0x00000000eb980000, 0x0000000100000000)
  eden space 13312K, 0% used [0x00000000eab00000,0x00000000eab00000,0x00000000eb800000)
  from space 512K, 81% used [0x00000000eb880000,0x00000000eb8e8000,0x00000000eb900000)
  to   space 512K, 0% used [0x00000000eb900000,0x00000000eb900000,0x00000000eb980000)
 ParOldGen       total 68608K, used 43504K [0x00000000c0000000, 0x00000000c4300000, 0x00000000eab00000)
  object space 68608K, 63% used [0x00000000c0000000,0x00000000c2a7c200,0x00000000c4300000)
 Metaspace       used 69234K, committed 70336K, reserved 1114112K
  class space    used 8502K, committed 9024K, reserved 1048576K
}
Event: 21.566 GC heap before
{Heap before GC invocations=59 (full 3):
 PSYoungGen      total 13824K, used 13728K [0x00000000eab00000, 0x00000000eb980000, 0x0000000100000000)
  eden space 13312K, 100% used [0x00000000eab00000,0x00000000eb800000,0x00000000eb800000)
  from space 512K, 81% used [0x00000000eb880000,0x00000000eb8e8000,0x00000000eb900000)
  to   space 512K, 0% used [0x00000000eb900000,0x00000000eb900000,0x00000000eb980000)
 ParOldGen       total 68608K, used 43504K [0x00000000c0000000, 0x00000000c4300000, 0x00000000eab00000)
  object space 68608K, 63% used [0x00000000c0000000,0x00000000c2a7c200,0x00000000c4300000)
 Metaspace       used 69237K, committed 70336K, reserved 1114112K
  class space    used 8502K, committed 9024K, reserved 1048576K
}
Event: 21.569 GC heap after
{Heap after GC invocations=59 (full 3):
 PSYoungGen      total 13824K, used 160K [0x00000000eab00000, 0x00000000eb980000, 0x0000000100000000)
  eden space 13312K, 0% used [0x00000000eab00000,0x00000000eab00000,0x00000000eb800000)
  from space 512K, 31% used [0x00000000eb900000,0x00000000eb928000,0x00000000eb980000)
  to   space 512K, 0% used [0x00000000eb880000,0x00000000eb880000,0x00000000eb900000)
 ParOldGen       total 68608K, used 43656K [0x00000000c0000000, 0x00000000c4300000, 0x00000000eab00000)
  object space 68608K, 63% used [0x00000000c0000000,0x00000000c2aa2200,0x00000000c4300000)
 Metaspace       used 69237K, committed 70336K, reserved 1114112K
  class space    used 8502K, committed 9024K, reserved 1048576K
}
Event: 21.892 GC heap before
{Heap before GC invocations=60 (full 3):
 PSYoungGen      total 13824K, used 13472K [0x00000000eab00000, 0x00000000eb980000, 0x0000000100000000)
  eden space 13312K, 100% used [0x00000000eab00000,0x00000000eb800000,0x00000000eb800000)
  from space 512K, 31% used [0x00000000eb900000,0x00000000eb928000,0x00000000eb980000)
  to   space 512K, 0% used [0x00000000eb880000,0x00000000eb880000,0x00000000eb900000)
 ParOldGen       total 68608K, used 43656K [0x00000000c0000000, 0x00000000c4300000, 0x00000000eab00000)
  object space 68608K, 63% used [0x00000000c0000000,0x00000000c2aa2200,0x00000000c4300000)
 Metaspace       used 70158K, committed 71296K, reserved 1114112K
  class space    used 8598K, committed 9088K, reserved 1048576K
}
Event: 21.894 GC heap after
{Heap after GC invocations=60 (full 3):
 PSYoungGen      total 13824K, used 512K [0x00000000eab00000, 0x00000000eba00000, 0x0000000100000000)
  eden space 13312K, 0% used [0x00000000eab00000,0x00000000eab00000,0x00000000eb800000)
  from space 512K, 100% used [0x00000000eb880000,0x00000000eb900000,0x00000000eb900000)
  to   space 1024K, 0% used [0x00000000eb900000,0x00000000eb900000,0x00000000eba00000)
 ParOldGen       total 68608K, used 43728K [0x00000000c0000000, 0x00000000c4300000, 0x00000000eab00000)
  object space 68608K, 63% used [0x00000000c0000000,0x00000000c2ab4200,0x00000000c4300000)
 Metaspace       used 70158K, committed 71296K, reserved 1114112K
  class space    used 8598K, committed 9088K, reserved 1048576K
}

