# JRE version: OpenJDK Runtime Environment Temurin-17.0.12+7 (17.0.12+7) (build 17.0.12+7)
# Java VM: OpenJDK 64-Bit Server VM Temurin-17.0.12+7 (17.0.12+7, mixed mode, tiered, compressed oops, compressed class ptrs, parallel gc, windows-amd64)
GC Precious Log:
 CPUs: 16 total, 16 available
 Memory: 16088M
 Large Page Support: Disabled
 NUMA Support: Disabled
 Compressed Oops: Enabled (32-bit)
 Alignments: Space 512K, Generation 512K, Heap 2M
 Heap Min Capacity: 100M
 Heap Initial Capacity: 100M
 Heap Max Capacity: 1G
 Pre-touch: Disabled
 Parallel Workers: 13
Heap:
 PSYoungGen      total 15360K, used 14839K [0x00000000eab00000, 0x00000000ebb80000, 0x0000000100000000)
  eden space 14848K, 96% used [0x00000000eab00000,0x00000000eb90dec8,0x00000000eb980000)
  from space 512K, 87% used [0x00000000ebb00000,0x00000000ebb70010,0x00000000ebb80000)
  to   space 512K, 0% used [0x00000000eba80000,0x00000000eba80000,0x00000000ebb00000)
 ParOldGen       total 68608K, used 41093K [0x00000000c0000000, 0x00000000c4300000, 0x00000000eab00000)
  object space 68608K, 59% used [0x00000000c0000000,0x00000000c28217a0,0x00000000c4300000)
 Metaspace       used 68727K, committed 69888K, reserved 1114112K
  class space    used 8488K, committed 9024K, reserved 1048576K
GC Heap History (20 events):
Event: 6.939 GC heap before
{Heap before GC invocations=42 (full 3):
 PSYoungGen      total 15872K, used 15869K [0x00000000eab00000, 0x00000000ebe80000, 0x0000000100000000)
  eden space 14848K, 100% used [0x00000000eab00000,0x00000000eb980000,0x00000000eb980000)
  from space 1024K, 99% used [0x00000000ebd80000,0x00000000ebe7f6f0,0x00000000ebe80000)
  to   space 1536K, 0% used [0x00000000ebb80000,0x00000000ebb80000,0x00000000ebd00000)
 ParOldGen       total 68608K, used 38713K [0x00000000c0000000, 0x00000000c4300000, 0x00000000eab00000)
  object space 68608K, 56% used [0x00000000c0000000,0x00000000c25ce4a8,0x00000000c4300000)
 Metaspace       used 66247K, committed 67392K, reserved 1114112K
  class space    used 8146K, committed 8640K, reserved 1048576K
}
Event: 6.940 GC heap after
{Heap after GC invocations=42 (full 3):
 PSYoungGen      total 16384K, used 480K [0x00000000eab00000, 0x00000000ebe00000, 0x0000000100000000)
  eden space 14848K, 0% used [0x00000000eab00000,0x00000000eab00000,0x00000000eb980000)
  from space 1536K, 31% used [0x00000000ebb80000,0x00000000ebbf8000,0x00000000ebd00000)
  to   space 1024K, 0% used [0x00000000ebd00000,0x00000000ebd00000,0x00000000ebe00000)
 ParOldGen       total 68608K, used 38777K [0x00000000c0000000, 0x00000000c4300000, 0x00000000eab00000)
  object space 68608K, 56% used [0x00000000c0000000,0x00000000c25de4a8,0x00000000c4300000)
 Metaspace       used 66247K, committed 67392K, reserved 1114112K
  class space    used 8146K, committed 8640K, reserved 1048576K
}
Event: 6.978 GC heap before
{Heap before GC invocations=43 (full 3):
 PSYoungGen      total 16384K, used 15328K [0x00000000eab00000, 0x00000000ebe00000, 0x0000000100000000)
  eden space 14848K, 100% used [0x00000000eab00000,0x00000000eb980000,0x00000000eb980000)
  from space 1536K, 31% used [0x00000000ebb80000,0x00000000ebbf8000,0x00000000ebd00000)
  to   space 1024K, 0% used [0x00000000ebd00000,0x00000000ebd00000,0x00000000ebe00000)
 ParOldGen       total 68608K, used 38777K [0x00000000c0000000, 0x00000000c4300000, 0x00000000eab00000)
  object space 68608K, 56% used [0x00000000c0000000,0x00000000c25de4a8,0x00000000c4300000)
 Metaspace       used 66247K, committed 67392K, reserved 1114112K
  class space    used 8146K, committed 8640K, reserved 1048576K
}
Event: 6.979 GC heap after
{Heap after GC invocations=43 (full 3):
 PSYoungGen      total 15872K, used 1020K [0x00000000eab00000, 0x00000000ebe00000, 0x0000000100000000)
  eden space 14848K, 0% used [0x00000000eab00000,0x00000000eab00000,0x00000000eb980000)
  from space 1024K, 99% used [0x00000000ebd00000,0x00000000ebdff1b8,0x00000000ebe00000)
  to   space 1536K, 0% used [0x00000000ebb00000,0x00000000ebb00000,0x00000000ebc80000)
 ParOldGen       total 68608K, used 38998K [0x00000000c0000000, 0x00000000c4300000, 0x00000000eab00000)
  object space 68608K, 56% used [0x00000000c0000000,0x00000000c2615ab0,0x00000000c4300000)
 Metaspace       used 66247K, committed 67392K, reserved 1114112K
  class space    used 8146K, committed 8640K, reserved 1048576K
}
Event: 7.022 GC heap before
{Heap before GC invocations=44 (full 3):
 PSYoungGen      total 15872K, used 15868K [0x00000000eab00000, 0x00000000ebe00000, 0x0000000100000000)
  eden space 14848K, 100% used [0x00000000eab00000,0x00000000eb980000,0x00000000eb980000)
  from space 1024K, 99% used [0x00000000ebd00000,0x00000000ebdff1b8,0x00000000ebe00000)
  to   space 1536K, 0% used [0x00000000ebb00000,0x00000000ebb00000,0x00000000ebc80000)
 ParOldGen       total 68608K, used 38998K [0x00000000c0000000, 0x00000000c4300000, 0x00000000eab00000)
  object space 68608K, 56% used [0x00000000c0000000,0x00000000c2615ab0,0x00000000c4300000)
 Metaspace       used 66247K, committed 67392K, reserved 1114112K
  class space    used 8146K, committed 8640K, reserved 1048576K
}
Event: 7.022 GC heap after
{Heap after GC invocations=44 (full 3):
 PSYoungGen      total 16384K, used 1044K [0x00000000eab00000, 0x00000000ebd80000, 0x0000000100000000)
  eden space 14848K, 0% used [0x00000000eab00000,0x00000000eab00000,0x00000000eb980000)
  from space 1536K, 68% used [0x00000000ebb00000,0x00000000ebc05270,0x00000000ebc80000)
  to   space 1024K, 0% used [0x00000000ebc80000,0x00000000ebc80000,0x00000000ebd80000)
 ParOldGen       total 68608K, used 39102K [0x00000000c0000000, 0x00000000c4300000, 0x00000000eab00000)
  object space 68608K, 56% used [0x00000000c0000000,0x00000000c262fac0,0x00000000c4300000)
 Metaspace       used 66247K, committed 67392K, reserved 1114112K
  class space    used 8146K, committed 8640K, reserved 1048576K
}
Event: 7.065 GC heap before
{Heap before GC invocations=45 (full 3):
 PSYoungGen      total 16384K, used 15892K [0x00000000eab00000, 0x00000000ebd80000, 0x0000000100000000)
  eden space 14848K, 100% used [0x00000000eab00000,0x00000000eb980000,0x00000000eb980000)
  from space 1536K, 68% used [0x00000000ebb00000,0x00000000ebc05270,0x00000000ebc80000)
  to   space 1024K, 0% used [0x00000000ebc80000,0x00000000ebc80000,0x00000000ebd80000)
 ParOldGen       total 68608K, used 39102K [0x00000000c0000000, 0x00000000c4300000, 0x00000000eab00000)
  object space 68608K, 56% used [0x00000000c0000000,0x00000000c262fac0,0x00000000c4300000)
 Metaspace       used 66247K, committed 67392K, reserved 1114112K
  class space    used 8146K, committed 8640K, reserved 1048576K
}
Event: 7.065 GC heap after
{Heap after GC invocations=45 (full 3):
 PSYoungGen      total 15360K, used 373K [0x00000000eab00000, 0x00000000ebd00000, 0x0000000100000000)
  eden space 14848K, 0% used [0x00000000eab00000,0x00000000eab00000,0x00000000eb980000)
  from space 512K, 72% used [0x00000000ebc80000,0x00000000ebcdd4b8,0x00000000ebd00000)
  to   space 1024K, 0% used [0x00000000ebb00000,0x00000000ebb00000,0x00000000ebc00000)
 ParOldGen       total 68608K, used 39190K [0x00000000c0000000, 0x00000000c4300000, 0x00000000eab00000)
  object space 68608K, 57% used [0x00000000c0000000,0x00000000c2645ac0,0x00000000c4300000)
 Metaspace       used 66247K, committed 67392K, reserved 1114112K
  class space    used 8146K, committed 8640K, reserved 1048576K
}
Event: 7.107 GC heap before
{Heap before GC invocations=46 (full 3):
 PSYoungGen      total 15360K, used 15221K [0x00000000eab00000, 0x00000000ebd00000, 0x0000000100000000)
  eden space 14848K, 100% used [0x00000000eab00000,0x00000000eb980000,0x00000000eb980000)
  from space 512K, 72% used [0x00000000ebc80000,0x00000000ebcdd4b8,0x00000000ebd00000)
  to   space 1024K, 0% used [0x00000000ebb00000,0x00000000ebb00000,0x00000000ebc00000)
 ParOldGen       total 68608K, used 39190K [0x00000000c0000000, 0x00000000c4300000, 0x00000000eab00000)
  object space 68608K, 57% used [0x00000000c0000000,0x00000000c2645ac0,0x00000000c4300000)
 Metaspace       used 66247K, committed 67392K, reserved 1114112K
  class space    used 8146K, committed 8640K, reserved 1048576K
}
Event: 7.108 GC heap after
{Heap after GC invocations=46 (full 3):
 PSYoungGen      total 15872K, used 1022K [0x00000000eab00000, 0x00000000ebd00000, 0x0000000100000000)
  eden space 14848K, 0% used [0x00000000eab00000,0x00000000eab00000,0x00000000eb980000)
  from space 1024K, 99% used [0x00000000ebb00000,0x00000000ebbffa50,0x00000000ebc00000)
  to   space 1024K, 0% used [0x00000000ebc00000,0x00000000ebc00000,0x00000000ebd00000)
 ParOldGen       total 68608K, used 39484K [0x00000000c0000000, 0x00000000c4300000, 0x00000000eab00000)
  object space 68608K, 57% used [0x00000000c0000000,0x00000000c268f1f0,0x00000000c4300000)
 Metaspace       used 66247K, committed 67392K, reserved 1114112K
  class space    used 8146K, committed 8640K, reserved 1048576K
}
Event: 7.147 GC heap before
{Heap before GC invocations=47 (full 3):
 PSYoungGen      total 15872K, used 15870K [0x00000000eab00000, 0x00000000ebd00000, 0x0000000100000000)
  eden space 14848K, 100% used [0x00000000eab00000,0x00000000eb980000,0x00000000eb980000)
  from space 1024K, 99% used [0x00000000ebb00000,0x00000000ebbffa50,0x00000000ebc00000)
  to   space 1024K, 0% used [0x00000000ebc00000,0x00000000ebc00000,0x00000000ebd00000)
 ParOldGen       total 68608K, used 39484K [0x00000000c0000000, 0x00000000c4300000, 0x00000000eab00000)
  object space 68608K, 57% used [0x00000000c0000000,0x00000000c268f1f0,0x00000000c4300000)
 Metaspace       used 66248K, committed 67392K, reserved 1114112K
  class space    used 8146K, committed 8640K, reserved 1048576K
}
Event: 7.148 GC heap after
{Heap after GC invocations=47 (full 3):
 PSYoungGen      total 15872K, used 802K [0x00000000eab00000, 0x00000000ebd00000, 0x0000000100000000)
  eden space 14848K, 0% used [0x00000000eab00000,0x00000000eab00000,0x00000000eb980000)
  from space 1024K, 78% used [0x00000000ebc00000,0x00000000ebcc88e0,0x00000000ebd00000)
  to   space 1024K, 0% used [0x00000000ebb00000,0x00000000ebb00000,0x00000000ebc00000)
 ParOldGen       total 68608K, used 39564K [0x00000000c0000000, 0x00000000c4300000, 0x00000000eab00000)
  object space 68608K, 57% used [0x00000000c0000000,0x00000000c26a31f0,0x00000000c4300000)
 Metaspace       used 66248K, committed 67392K, reserved 1114112K
  class space    used 8146K, committed 8640K, reserved 1048576K
}
Event: 7.182 GC heap before
{Heap before GC invocations=48 (full 3):
 PSYoungGen      total 15872K, used 15650K [0x00000000eab00000, 0x00000000ebd00000, 0x0000000100000000)
  eden space 14848K, 100% used [0x00000000eab00000,0x00000000eb980000,0x00000000eb980000)
  from space 1024K, 78% used [0x00000000ebc00000,0x00000000ebcc88e0,0x00000000ebd00000)
  to   space 1024K, 0% used [0x00000000ebb00000,0x00000000ebb00000,0x00000000ebc00000)
 ParOldGen       total 68608K, used 39564K [0x00000000c0000000, 0x00000000c4300000, 0x00000000eab00000)
  object space 68608K, 57% used [0x00000000c0000000,0x00000000c26a31f0,0x00000000c4300000)
 Metaspace       used 66248K, committed 67392K, reserved 1114112K
  class space    used 8146K, committed 8640K, reserved 1048576K
}
Event: 7.183 GC heap after
{Heap after GC invocations=48 (full 3):
 PSYoungGen      total 15360K, used 416K [0x00000000eab00000, 0x00000000ebc80000, 0x0000000100000000)
  eden space 14848K, 0% used [0x00000000eab00000,0x00000000eab00000,0x00000000eb980000)
  from space 512K, 81% used [0x00000000ebb00000,0x00000000ebb68000,0x00000000ebb80000)
  to   space 1024K, 0% used [0x00000000ebb80000,0x00000000ebb80000,0x00000000ebc80000)
 ParOldGen       total 68608K, used 40217K [0x00000000c0000000, 0x00000000c4300000, 0x00000000eab00000)
  object space 68608K, 58% used [0x00000000c0000000,0x00000000c2746740,0x00000000c4300000)
 Metaspace       used 66248K, committed 67392K, reserved 1114112K
  class space    used 8146K, committed 8640K, reserved 1048576K
}
Event: 7.568 GC heap before
{Heap before GC invocations=49 (full 3):
 PSYoungGen      total 15360K, used 15264K [0x00000000eab00000, 0x00000000ebc80000, 0x0000000100000000)
  eden space 14848K, 100% used [0x00000000eab00000,0x00000000eb980000,0x00000000eb980000)
  from space 512K, 81% used [0x00000000ebb00000,0x00000000ebb68000,0x00000000ebb80000)
  to   space 1024K, 0% used [0x00000000ebb80000,0x00000000ebb80000,0x00000000ebc80000)
 ParOldGen       total 68608K, used 40217K [0x00000000c0000000, 0x00000000c4300000, 0x00000000eab00000)
  object space 68608K, 58% used [0x00000000c0000000,0x00000000c2746740,0x00000000c4300000)
 Metaspace       used 67933K, committed 69056K, reserved 1114112K
  class space    used 8387K, committed 8896K, reserved 1048576K
}
Event: 7.569 GC heap after
{Heap after GC invocations=49 (full 3):
 PSYoungGen      total 15872K, used 896K [0x00000000eab00000, 0x00000000ebc80000, 0x0000000100000000)
  eden space 14848K, 0% used [0x00000000eab00000,0x00000000eab00000,0x00000000eb980000)
  from space 1024K, 87% used [0x00000000ebb80000,0x00000000ebc60000,0x00000000ebc80000)
  to   space 1024K, 0% used [0x00000000eba80000,0x00000000eba80000,0x00000000ebb80000)
 ParOldGen       total 68608K, used 40273K [0x00000000c0000000, 0x00000000c4300000, 0x00000000eab00000)
  object space 68608K, 58% used [0x00000000c0000000,0x00000000c2754750,0x00000000c4300000)
 Metaspace       used 67933K, committed 69056K, reserved 1114112K
  class space    used 8387K, committed 8896K, reserved 1048576K
}
Event: 7.993 GC heap before
{Heap before GC invocations=50 (full 3):
 PSYoungGen      total 15872K, used 15744K [0x00000000eab00000, 0x00000000ebc80000, 0x0000000100000000)
  eden space 14848K, 100% used [0x00000000eab00000,0x00000000eb980000,0x00000000eb980000)
  from space 1024K, 87% used [0x00000000ebb80000,0x00000000ebc60000,0x00000000ebc80000)
  to   space 1024K, 0% used [0x00000000eba80000,0x00000000eba80000,0x00000000ebb80000)
 ParOldGen       total 68608K, used 40273K [0x00000000c0000000, 0x00000000c4300000, 0x00000000eab00000)
  object space 68608K, 58% used [0x00000000c0000000,0x00000000c2754750,0x00000000c4300000)
 Metaspace       used 68242K, committed 69376K, reserved 1114112K
  class space    used 8410K, committed 8960K, reserved 1048576K
}
Event: 7.994 GC heap after
{Heap after GC invocations=50 (full 3):
 PSYoungGen      total 15360K, used 384K [0x00000000eab00000, 0x00000000ebc00000, 0x0000000100000000)
  eden space 14848K, 0% used [0x00000000eab00000,0x00000000eab00000,0x00000000eb980000)
  from space 512K, 75% used [0x00000000eba80000,0x00000000ebae0000,0x00000000ebb00000)
  to   space 1024K, 0% used [0x00000000ebb00000,0x00000000ebb00000,0x00000000ebc00000)
 ParOldGen       total 68608K, used 40965K [0x00000000c0000000, 0x00000000c4300000, 0x00000000eab00000)
  object space 68608K, 59% used [0x00000000c0000000,0x00000000c28017a0,0x00000000c4300000)
 Metaspace       used 68242K, committed 69376K, reserved 1114112K
  class space    used 8410K, committed 8960K, reserved 1048576K
}
Event: 8.110 GC heap before
{Heap before GC invocations=51 (full 3):
 PSYoungGen      total 15360K, used 15232K [0x00000000eab00000, 0x00000000ebc00000, 0x0000000100000000)
  eden space 14848K, 100% used [0x00000000eab00000,0x00000000eb980000,0x00000000eb980000)
  from space 512K, 75% used [0x00000000eba80000,0x00000000ebae0000,0x00000000ebb00000)
  to   space 1024K, 0% used [0x00000000ebb00000,0x00000000ebb00000,0x00000000ebc00000)
 ParOldGen       total 68608K, used 40965K [0x00000000c0000000, 0x00000000c4300000, 0x00000000eab00000)
  object space 68608K, 59% used [0x00000000c0000000,0x00000000c28017a0,0x00000000c4300000)
 Metaspace       used 68349K, committed 69568K, reserved 1114112K
  class space    used 8425K, committed 8960K, reserved 1048576K
}
Event: 8.111 GC heap after
{Heap after GC invocations=51 (full 3):
 PSYoungGen      total 15360K, used 448K [0x00000000eab00000, 0x00000000ebb80000, 0x0000000100000000)
  eden space 14848K, 0% used [0x00000000eab00000,0x00000000eab00000,0x00000000eb980000)
  from space 512K, 87% used [0x00000000ebb00000,0x00000000ebb70010,0x00000000ebb80000)
  to   space 512K, 0% used [0x00000000eba80000,0x00000000eba80000,0x00000000ebb00000)
 ParOldGen       total 68608K, used 41093K [0x00000000c0000000, 0x00000000c4300000, 0x00000000eab00000)
  object space 68608K, 59% used [0x00000000c0000000,0x00000000c28217a0,0x00000000c4300000)
 Metaspace       used 68349K, committed 69568K, reserved 1114112K
  class space    used 8425K, committed 8960K, reserved 1048576K
}

