# JRE version: OpenJDK Runtime Environment Temurin-17.0.12+7 (17.0.12+7) (build 17.0.12+7)
# Java VM: OpenJDK 64-Bit Server VM Temurin-17.0.12+7 (17.0.12+7, mixed mode, tiered, compressed oops, compressed class ptrs, parallel gc, windows-amd64)
GC Precious Log:
 CPUs: 16 total, 16 available
 Memory: 16088M
 Large Page Support: Disabled
 NUMA Support: Disabled
 Compressed Oops: Enabled (32-bit)
 Alignments: Space 512K, Generation 512K, Heap 2M
 Heap Min Capacity: 100M
 Heap Initial Capacity: 100M
 Heap Max Capacity: 1G
 Pre-touch: Disabled
 Parallel Workers: 13
Heap:
 PSYoungGen      total 20992K, used 16083K [0x00000000eab00000, 0x00000000ec100000, 0x0000000100000000)
  eden space 19968K, 76% used [0x00000000eab00000,0x00000000eb9f4ff0,0x00000000ebe80000)
  from space 1024K, 75% used [0x00000000ec000000,0x00000000ec0c0000,0x00000000ec100000)
  to   space 1024K, 0% used [0x00000000ebf00000,0x00000000ebf00000,0x00000000ec000000)
 ParOldGen       total 68608K, used 39277K [0x00000000c0000000, 0x00000000c4300000, 0x00000000eab00000)
  object space 68608K, 57% used [0x00000000c0000000,0x00000000c265b518,0x00000000c4300000)
 Metaspace       used 68749K, committed 69824K, reserved 1114112K
  class space    used 8427K, committed 8896K, reserved 1048576K
GC Heap History (20 events):
Event: 7.863 GC heap before
{Heap before GC invocations=34 (full 3):
 PSYoungGen      total 20480K, used 20480K [0x00000000eab00000, 0x00000000ec380000, 0x0000000100000000)
  eden space 19968K, 100% used [0x00000000eab00000,0x00000000ebe80000,0x00000000ebe80000)
  from space 512K, 100% used [0x00000000ec300000,0x00000000ec380000,0x00000000ec380000)
  to   space 1024K, 0% used [0x00000000ec180000,0x00000000ec180000,0x00000000ec280000)
 ParOldGen       total 68608K, used 37280K [0x00000000c0000000, 0x00000000c4300000, 0x00000000eab00000)
  object space 68608K, 54% used [0x00000000c0000000,0x00000000c24681f8,0x00000000c4300000)
 Metaspace       used 66656K, committed 67712K, reserved 1114112K
  class space    used 8148K, committed 8640K, reserved 1048576K
}
Event: 7.864 GC heap after
{Heap after GC invocations=34 (full 3):
 PSYoungGen      total 20992K, used 1009K [0x00000000eab00000, 0x00000000ec380000, 0x0000000100000000)
  eden space 19968K, 0% used [0x00000000eab00000,0x00000000eab00000,0x00000000ebe80000)
  from space 1024K, 98% used [0x00000000ec180000,0x00000000ec27c4a8,0x00000000ec280000)
  to   space 1024K, 0% used [0x00000000ec280000,0x00000000ec280000,0x00000000ec380000)
 ParOldGen       total 68608K, used 37544K [0x00000000c0000000, 0x00000000c4300000, 0x00000000eab00000)
  object space 68608K, 54% used [0x00000000c0000000,0x00000000c24aa390,0x00000000c4300000)
 Metaspace       used 66656K, committed 67712K, reserved 1114112K
  class space    used 8148K, committed 8640K, reserved 1048576K
}
Event: 7.958 GC heap before
{Heap before GC invocations=35 (full 3):
 PSYoungGen      total 20992K, used 20977K [0x00000000eab00000, 0x00000000ec380000, 0x0000000100000000)
  eden space 19968K, 100% used [0x00000000eab00000,0x00000000ebe80000,0x00000000ebe80000)
  from space 1024K, 98% used [0x00000000ec180000,0x00000000ec27c4a8,0x00000000ec280000)
  to   space 1024K, 0% used [0x00000000ec280000,0x00000000ec280000,0x00000000ec380000)
 ParOldGen       total 68608K, used 37544K [0x00000000c0000000, 0x00000000c4300000, 0x00000000eab00000)
  object space 68608K, 54% used [0x00000000c0000000,0x00000000c24aa390,0x00000000c4300000)
 Metaspace       used 66656K, committed 67712K, reserved 1114112K
  class space    used 8148K, committed 8640K, reserved 1048576K
}
Event: 7.959 GC heap after
{Heap after GC invocations=35 (full 3):
 PSYoungGen      total 20992K, used 1006K [0x00000000eab00000, 0x00000000ec380000, 0x0000000100000000)
  eden space 19968K, 0% used [0x00000000eab00000,0x00000000eab00000,0x00000000ebe80000)
  from space 1024K, 98% used [0x00000000ec280000,0x00000000ec37bb30,0x00000000ec380000)
  to   space 1536K, 0% used [0x00000000ec080000,0x00000000ec080000,0x00000000ec200000)
 ParOldGen       total 68608K, used 37910K [0x00000000c0000000, 0x00000000c4300000, 0x00000000eab00000)
  object space 68608K, 55% used [0x00000000c0000000,0x00000000c2505940,0x00000000c4300000)
 Metaspace       used 66656K, committed 67712K, reserved 1114112K
  class space    used 8148K, committed 8640K, reserved 1048576K
}
Event: 8.079 GC heap before
{Heap before GC invocations=36 (full 3):
 PSYoungGen      total 20992K, used 20974K [0x00000000eab00000, 0x00000000ec380000, 0x0000000100000000)
  eden space 19968K, 100% used [0x00000000eab00000,0x00000000ebe80000,0x00000000ebe80000)
  from space 1024K, 98% used [0x00000000ec280000,0x00000000ec37bb30,0x00000000ec380000)
  to   space 1536K, 0% used [0x00000000ec080000,0x00000000ec080000,0x00000000ec200000)
 ParOldGen       total 68608K, used 37910K [0x00000000c0000000, 0x00000000c4300000, 0x00000000eab00000)
  object space 68608K, 55% used [0x00000000c0000000,0x00000000c2505940,0x00000000c4300000)
 Metaspace       used 66656K, committed 67712K, reserved 1114112K
  class space    used 8148K, committed 8640K, reserved 1048576K
}
Event: 8.079 GC heap after
{Heap after GC invocations=36 (full 3):
 PSYoungGen      total 20992K, used 888K [0x00000000eab00000, 0x00000000ec300000, 0x0000000100000000)
  eden space 19968K, 0% used [0x00000000eab00000,0x00000000eab00000,0x00000000ebe80000)
  from space 1024K, 86% used [0x00000000ec080000,0x00000000ec15e020,0x00000000ec180000)
  to   space 1536K, 0% used [0x00000000ec180000,0x00000000ec180000,0x00000000ec300000)
 ParOldGen       total 68608K, used 37942K [0x00000000c0000000, 0x00000000c4300000, 0x00000000eab00000)
  object space 68608K, 55% used [0x00000000c0000000,0x00000000c250d940,0x00000000c4300000)
 Metaspace       used 66656K, committed 67712K, reserved 1114112K
  class space    used 8148K, committed 8640K, reserved 1048576K
}
Event: 8.154 GC heap before
{Heap before GC invocations=37 (full 3):
 PSYoungGen      total 20992K, used 20856K [0x00000000eab00000, 0x00000000ec300000, 0x0000000100000000)
  eden space 19968K, 100% used [0x00000000eab00000,0x00000000ebe80000,0x00000000ebe80000)
  from space 1024K, 86% used [0x00000000ec080000,0x00000000ec15e020,0x00000000ec180000)
  to   space 1536K, 0% used [0x00000000ec180000,0x00000000ec180000,0x00000000ec300000)
 ParOldGen       total 68608K, used 37942K [0x00000000c0000000, 0x00000000c4300000, 0x00000000eab00000)
  object space 68608K, 55% used [0x00000000c0000000,0x00000000c250d940,0x00000000c4300000)
 Metaspace       used 66656K, committed 67712K, reserved 1114112K
  class space    used 8148K, committed 8640K, reserved 1048576K
}
Event: 8.155 GC heap after
{Heap after GC invocations=37 (full 3):
 PSYoungGen      total 20480K, used 458K [0x00000000eab00000, 0x00000000ec200000, 0x0000000100000000)
  eden space 19968K, 0% used [0x00000000eab00000,0x00000000eab00000,0x00000000ebe80000)
  from space 512K, 89% used [0x00000000ec180000,0x00000000ec1f29a0,0x00000000ec200000)
  to   space 1024K, 0% used [0x00000000ec000000,0x00000000ec000000,0x00000000ec100000)
 ParOldGen       total 68608K, used 38014K [0x00000000c0000000, 0x00000000c4300000, 0x00000000eab00000)
  object space 68608K, 55% used [0x00000000c0000000,0x00000000c251f940,0x00000000c4300000)
 Metaspace       used 66656K, committed 67712K, reserved 1114112K
  class space    used 8148K, committed 8640K, reserved 1048576K
}
Event: 8.270 GC heap before
{Heap before GC invocations=38 (full 3):
 PSYoungGen      total 20480K, used 20426K [0x00000000eab00000, 0x00000000ec200000, 0x0000000100000000)
  eden space 19968K, 100% used [0x00000000eab00000,0x00000000ebe80000,0x00000000ebe80000)
  from space 512K, 89% used [0x00000000ec180000,0x00000000ec1f29a0,0x00000000ec200000)
  to   space 1024K, 0% used [0x00000000ec000000,0x00000000ec000000,0x00000000ec100000)
 ParOldGen       total 68608K, used 38014K [0x00000000c0000000, 0x00000000c4300000, 0x00000000eab00000)
  object space 68608K, 55% used [0x00000000c0000000,0x00000000c251f940,0x00000000c4300000)
 Metaspace       used 66656K, committed 67712K, reserved 1114112K
  class space    used 8148K, committed 8640K, reserved 1048576K
}
Event: 8.271 GC heap after
{Heap after GC invocations=38 (full 3):
 PSYoungGen      total 20992K, used 352K [0x00000000eab00000, 0x00000000ec200000, 0x0000000100000000)
  eden space 19968K, 0% used [0x00000000eab00000,0x00000000eab00000,0x00000000ebe80000)
  from space 1024K, 34% used [0x00000000ec000000,0x00000000ec058000,0x00000000ec100000)
  to   space 512K, 0% used [0x00000000ec180000,0x00000000ec180000,0x00000000ec200000)
 ParOldGen       total 68608K, used 38122K [0x00000000c0000000, 0x00000000c4300000, 0x00000000eab00000)
  object space 68608K, 55% used [0x00000000c0000000,0x00000000c253aa10,0x00000000c4300000)
 Metaspace       used 66656K, committed 67712K, reserved 1114112K
  class space    used 8148K, committed 8640K, reserved 1048576K
}
Event: 8.373 GC heap before
{Heap before GC invocations=39 (full 3):
 PSYoungGen      total 20992K, used 20320K [0x00000000eab00000, 0x00000000ec200000, 0x0000000100000000)
  eden space 19968K, 100% used [0x00000000eab00000,0x00000000ebe80000,0x00000000ebe80000)
  from space 1024K, 34% used [0x00000000ec000000,0x00000000ec058000,0x00000000ec100000)
  to   space 512K, 0% used [0x00000000ec180000,0x00000000ec180000,0x00000000ec200000)
 ParOldGen       total 68608K, used 38122K [0x00000000c0000000, 0x00000000c4300000, 0x00000000eab00000)
  object space 68608K, 55% used [0x00000000c0000000,0x00000000c253aa10,0x00000000c4300000)
 Metaspace       used 66658K, committed 67712K, reserved 1114112K
  class space    used 8148K, committed 8640K, reserved 1048576K
}
Event: 8.374 GC heap after
{Heap after GC invocations=39 (full 3):
 PSYoungGen      total 20480K, used 500K [0x00000000eab00000, 0x00000000ec200000, 0x0000000100000000)
  eden space 19968K, 0% used [0x00000000eab00000,0x00000000eab00000,0x00000000ebe80000)
  from space 512K, 97% used [0x00000000ec180000,0x00000000ec1fd390,0x00000000ec200000)
  to   space 1536K, 0% used [0x00000000ebf00000,0x00000000ebf00000,0x00000000ec080000)
 ParOldGen       total 68608K, used 38837K [0x00000000c0000000, 0x00000000c4300000, 0x00000000eab00000)
  object space 68608K, 56% used [0x00000000c0000000,0x00000000c25ed4f8,0x00000000c4300000)
 Metaspace       used 66658K, committed 67712K, reserved 1114112K
  class space    used 8148K, committed 8640K, reserved 1048576K
}
Event: 8.461 GC heap before
{Heap before GC invocations=40 (full 3):
 PSYoungGen      total 20480K, used 20468K [0x00000000eab00000, 0x00000000ec200000, 0x0000000100000000)
  eden space 19968K, 100% used [0x00000000eab00000,0x00000000ebe80000,0x00000000ebe80000)
  from space 512K, 97% used [0x00000000ec180000,0x00000000ec1fd390,0x00000000ec200000)
  to   space 1536K, 0% used [0x00000000ebf00000,0x00000000ebf00000,0x00000000ec080000)
 ParOldGen       total 68608K, used 38837K [0x00000000c0000000, 0x00000000c4300000, 0x00000000eab00000)
  object space 68608K, 56% used [0x00000000c0000000,0x00000000c25ed4f8,0x00000000c4300000)
 Metaspace       used 66658K, committed 67712K, reserved 1114112K
  class space    used 8148K, committed 8640K, reserved 1048576K
}
Event: 8.462 GC heap after
{Heap after GC invocations=40 (full 3):
 PSYoungGen      total 21504K, used 1193K [0x00000000eab00000, 0x00000000ec200000, 0x0000000100000000)
  eden space 19968K, 0% used [0x00000000eab00000,0x00000000eab00000,0x00000000ebe80000)
  from space 1536K, 77% used [0x00000000ebf00000,0x00000000ec02a748,0x00000000ec080000)
  to   space 1536K, 0% used [0x00000000ec080000,0x00000000ec080000,0x00000000ec200000)
 ParOldGen       total 68608K, used 38909K [0x00000000c0000000, 0x00000000c4300000, 0x00000000eab00000)
  object space 68608K, 56% used [0x00000000c0000000,0x00000000c25ff4f8,0x00000000c4300000)
 Metaspace       used 66658K, committed 67712K, reserved 1114112K
  class space    used 8148K, committed 8640K, reserved 1048576K
}
Event: 8.516 GC heap before
{Heap before GC invocations=41 (full 3):
 PSYoungGen      total 21504K, used 21161K [0x00000000eab00000, 0x00000000ec200000, 0x0000000100000000)
  eden space 19968K, 100% used [0x00000000eab00000,0x00000000ebe80000,0x00000000ebe80000)
  from space 1536K, 77% used [0x00000000ebf00000,0x00000000ec02a748,0x00000000ec080000)
  to   space 1536K, 0% used [0x00000000ec080000,0x00000000ec080000,0x00000000ec200000)
 ParOldGen       total 68608K, used 38909K [0x00000000c0000000, 0x00000000c4300000, 0x00000000eab00000)
  object space 68608K, 56% used [0x00000000c0000000,0x00000000c25ff4f8,0x00000000c4300000)
 Metaspace       used 66658K, committed 67712K, reserved 1114112K
  class space    used 8148K, committed 8640K, reserved 1048576K
}
Event: 8.517 GC heap after
{Heap after GC invocations=41 (full 3):
 PSYoungGen      total 21504K, used 1190K [0x00000000eab00000, 0x00000000ec200000, 0x0000000100000000)
  eden space 19968K, 0% used [0x00000000eab00000,0x00000000eab00000,0x00000000ebe80000)
  from space 1536K, 77% used [0x00000000ec080000,0x00000000ec1a9980,0x00000000ec200000)
  to   space 1536K, 0% used [0x00000000ebf00000,0x00000000ebf00000,0x00000000ec080000)
 ParOldGen       total 68608K, used 38989K [0x00000000c0000000, 0x00000000c4300000, 0x00000000eab00000)
  object space 68608K, 56% used [0x00000000c0000000,0x00000000c26134f8,0x00000000c4300000)
 Metaspace       used 66658K, committed 67712K, reserved 1114112K
  class space    used 8148K, committed 8640K, reserved 1048576K
}
Event: 8.682 GC heap before
{Heap before GC invocations=42 (full 3):
 PSYoungGen      total 21504K, used 21158K [0x00000000eab00000, 0x00000000ec200000, 0x0000000100000000)
  eden space 19968K, 100% used [0x00000000eab00000,0x00000000ebe80000,0x00000000ebe80000)
  from space 1536K, 77% used [0x00000000ec080000,0x00000000ec1a9980,0x00000000ec200000)
  to   space 1536K, 0% used [0x00000000ebf00000,0x00000000ebf00000,0x00000000ec080000)
 ParOldGen       total 68608K, used 38989K [0x00000000c0000000, 0x00000000c4300000, 0x00000000eab00000)
  object space 68608K, 56% used [0x00000000c0000000,0x00000000c26134f8,0x00000000c4300000)
 Metaspace       used 67621K, committed 68672K, reserved 1114112K
  class space    used 8294K, committed 8768K, reserved 1048576K
}
Event: 8.683 GC heap after
{Heap after GC invocations=42 (full 3):
 PSYoungGen      total 20480K, used 416K [0x00000000eab00000, 0x00000000ec100000, 0x0000000100000000)
  eden space 19968K, 0% used [0x00000000eab00000,0x00000000eab00000,0x00000000ebe80000)
  from space 512K, 81% used [0x00000000ebf00000,0x00000000ebf68000,0x00000000ebf80000)
  to   space 1024K, 0% used [0x00000000ec000000,0x00000000ec000000,0x00000000ec100000)
 ParOldGen       total 68608K, used 39021K [0x00000000c0000000, 0x00000000c4300000, 0x00000000eab00000)
  object space 68608K, 56% used [0x00000000c0000000,0x00000000c261b4f8,0x00000000c4300000)
 Metaspace       used 67621K, committed 68672K, reserved 1114112K
  class space    used 8294K, committed 8768K, reserved 1048576K
}
Event: 9.407 GC heap before
{Heap before GC invocations=43 (full 3):
 PSYoungGen      total 20480K, used 20384K [0x00000000eab00000, 0x00000000ec100000, 0x0000000100000000)
  eden space 19968K, 100% used [0x00000000eab00000,0x00000000ebe80000,0x00000000ebe80000)
  from space 512K, 81% used [0x00000000ebf00000,0x00000000ebf68000,0x00000000ebf80000)
  to   space 1024K, 0% used [0x00000000ec000000,0x00000000ec000000,0x00000000ec100000)
 ParOldGen       total 68608K, used 39021K [0x00000000c0000000, 0x00000000c4300000, 0x00000000eab00000)
  object space 68608K, 56% used [0x00000000c0000000,0x00000000c261b4f8,0x00000000c4300000)
 Metaspace       used 68674K, committed 69824K, reserved 1114112K
  class space    used 8416K, committed 8896K, reserved 1048576K
}
Event: 9.408 GC heap after
{Heap after GC invocations=43 (full 3):
 PSYoungGen      total 20992K, used 768K [0x00000000eab00000, 0x00000000ec100000, 0x0000000100000000)
  eden space 19968K, 0% used [0x00000000eab00000,0x00000000eab00000,0x00000000ebe80000)
  from space 1024K, 75% used [0x00000000ec000000,0x00000000ec0c0000,0x00000000ec100000)
  to   space 1024K, 0% used [0x00000000ebf00000,0x00000000ebf00000,0x00000000ec000000)
 ParOldGen       total 68608K, used 39277K [0x00000000c0000000, 0x00000000c4300000, 0x00000000eab00000)
  object space 68608K, 57% used [0x00000000c0000000,0x00000000c265b518,0x00000000c4300000)
 Metaspace       used 68674K, committed 69824K, reserved 1114112K
  class space    used 8416K, committed 8896K, reserved 1048576K
}

